<?xml version="1.0" encoding="utf-8"?><testsuites name="pytest tests"><testsuite name="pytest" errors="0" failures="0" skipped="0" tests="7" time="1.177" timestamp="2026-03-11T17:12:16.927641+00:00" hostname="agent-env-aa61ece2-6491-43ab-8cf3-9c7e1b553801"><testcase classname="backend.tests.test_waitlist.TestHealth" name="test_api_health" time="0.303" /><testcase classname="backend.tests.test_waitlist.TestBrandWaitlist" name="test_submit_brand_valid" time="0.130" /><testcase classname="backend.tests.test_waitlist.TestBrandWaitlist" name="test_submit_brand_missing_field" time="0.121" /><testcase classname="backend.tests.test_waitlist.TestBrandWaitlist" name="test_submit_brand_invalid_email" time="0.114" /><testcase classname="backend.tests.test_waitlist.TestDistributorWaitlist" name="test_submit_distributor_valid" time="0.160" /><testcase classname="backend.tests.test_waitlist.TestDistributorWaitlist" name="test_submit_distributor_missing_field" time="0.158" /><testcase classname="backend.tests.test_waitlist.TestDistributorWaitlist" name="test_get_waitlist" time="0.136" /></testsuite></testsuites>